[0131/203118.685:ERROR:process_info.cc(632)] range at 0xd2103a3e00000000, size 0x1e9 fully unreadable
[0131/203118.687:ERROR:process_info.cc(632)] range at 0xd2103aa000000000, size 0x1e9 fully unreadable
[0131/203118.687:ERROR:process_info.cc(632)] range at 0x0, size 0x1e9 fully unreadable
[0131/203118.906:ERROR:process_info.cc(380)] UncheckedAllocate
[0131/203135.747:ERROR:process_info.cc(632)] range at 0xf31a3a3e00000000, size 0x216 fully unreadable
[0131/203135.748:ERROR:process_info.cc(632)] range at 0xf31a3aa000000000, size 0x216 fully unreadable
[0131/203135.748:ERROR:process_info.cc(632)] range at 0x0, size 0x216 fully unreadable
[0131/203206.278:ERROR:process_reader_win.cc(151)] SuspendThread: Access is denied. (0x5)
[0131/203206.297:ERROR:process_reader_win.cc(151)] SuspendThread: Access is denied. (0x5)
[0131/203206.298:ERROR:process_reader_win.cc(151)] SuspendThread: Access is denied. (0x5)
[0131/203206.298:ERROR:exception_snapshot_win.cc(87)] thread ID 11396 not found in process
[0131/203206.298:WARNING:crash_report_exception_handler.cc(62)] ProcessSnapshotWin::Initialize failed
[0207/180341.034:ERROR:process_info.cc(632)] range at 0x34b33a3c00000000, size 0x2d5 fully unreadable
[0207/180341.043:ERROR:process_info.cc(632)] range at 0x34b33a9e00000000, size 0x2d5 fully unreadable
[0207/180341.043:ERROR:process_info.cc(632)] range at 0x0, size 0x2d5 fully unreadable
[0207/180345.506:ERROR:process_info.cc(632)] range at 0x1e26305800000000, size 0x21e fully unreadable
[0207/180345.506:ERROR:process_info.cc(632)] range at 0x1e26307800000000, size 0x21e fully unreadable
[0207/180345.506:ERROR:process_info.cc(632)] range at 0x0, size 0x21e fully unreadable
[0207/203158.670:ERROR:process_info.cc(632)] range at 0xf5e53a3a00000000, size 0x1f9 fully unreadable
[0207/203158.679:ERROR:process_info.cc(632)] range at 0xf5e53a9c00000000, size 0x1f9 fully unreadable
[0207/203158.679:ERROR:process_info.cc(632)] range at 0x0, size 0x1f9 fully unreadable
[0207/203818.273:ERROR:process_info.cc(632)] range at 0x90773a3a00000000, size 0x1f6 fully unreadable
[0207/203818.273:ERROR:process_info.cc(632)] range at 0x90773a9c00000000, size 0x1f6 fully unreadable
[0207/203818.273:ERROR:process_info.cc(632)] range at 0x0, size 0x1f6 fully unreadable
[0207/203818.305:ERROR:process_info.cc(380)] UncheckedAllocate
[0207/215352.274:ERROR:process_info.cc(632)] range at 0xcdb43a3c00000000, size 0x1c1 fully unreadable
[0207/215352.274:ERROR:process_info.cc(632)] range at 0xcdb43a9e00000000, size 0x1c1 fully unreadable
[0207/215352.274:ERROR:process_info.cc(632)] range at 0x0, size 0x1c1 fully unreadable
[0207/215544.507:ERROR:process_info.cc(632)] range at 0x23113a3a00000000, size 0x2aa fully unreadable
[0207/215544.507:ERROR:process_info.cc(632)] range at 0x23113a9c00000000, size 0x2aa fully unreadable
[0207/215544.507:ERROR:process_info.cc(632)] range at 0x0, size 0x2aa fully unreadable
